--------------- Build Started: 06/25/2020 17:45:37 Project: Design01, Configuration: ARM GCC 5.4-2016-q2-update Debug ---------------
cydsfit.exe -.appdatapath "C:\Users\11800025\AppData\Local\Cypress Semiconductor\PSoC Creator\4.2" -.fdsnotice -.fdswarpdepfile=warp_dependencies.txt -.fdselabdepfile=elab_dependencies.txt -.fdsbldfile=generated_files.txt -.fdsreffile=referenced_files.txt -p "C:\Users\11800025\Documents\PSoC Creator\MCP9808_Temp\Design01.cydsn\Design01.cyprj" -d CY8C4245AXI-483 -s "C:\Users\11800025\Documents\PSoC Creator\MCP9808_Temp\Design01.cydsn\Generated_Source\PSoC4" -- -yv2 -q10 -ygs -o2 -v3 -.fftcfgtype=LE
Elaborating Design...
HDL Generation...
Synthesis...
Tech Mapping...
Analog Placement...
Analog Routing...
Analog Code Generation...
Digital Placement...
Digital Routing...
Bitstream Generation...
Bitstream Verification...
Static timing analysis...
API Generation...
Dependency Generation...
Cleanup...
arm-none-eabi-gcc.exe -mcpu=cortex-m0 -mthumb -I. -IGenerated_Source\PSoC4 -Wa,-alh=.\CortexM0\ARM_GCC_541\Debug/i2c.lst -g -D DEBUG -D CY_CORE_ID=0 -Wall -ffunction-sections -ffat-lto-objects -O0 -c i2c.c -o .\CortexM0\ARM_GCC_541\Debug\i2c.o
i2c.c: In function 'Readtemp':
i2c.c:18:10: warning: unused variable 'time' [-Wunused-variable]
   uint32 time = 0x10;
          ^
i2c.c:17:10: warning: unused variable 'result' [-Wunused-variable]
   uint16 result = 0;
          ^
arm-none-eabi-ar.exe -rs .\CortexM0\ARM_GCC_541\Debug\Design01.a .\CortexM0\ARM_GCC_541\Debug\cy_em_eeprom.o .\CortexM0\ARM_GCC_541\Debug\CyFlash.o .\CortexM0\ARM_GCC_541\Debug\CyLib.o .\CortexM0\ARM_GCC_541\Debug\cyPm.o .\CortexM0\ARM_GCC_541\Debug\cyutils.o .\CortexM0\ARM_GCC_541\Debug\CyLFClk.o .\CortexM0\ARM_GCC_541\Debug\I2C_1.o .\CortexM0\ARM_GCC_541\Debug\I2C_1_I2C_INT.o .\CortexM0\ARM_GCC_541\Debug\I2C_1_I2C.o .\CortexM0\ARM_GCC_541\Debug\I2C_1_I2C_BOOT.o .\CortexM0\ARM_GCC_541\Debug\I2C_1_I2C_MASTER.o .\CortexM0\ARM_GCC_541\Debug\I2C_1_PM.o .\CortexM0\ARM_GCC_541\Debug\I2C_1_BOOT.o .\CortexM0\ARM_GCC_541\Debug\I2C_1_SCBCLK.o .\CortexM0\ARM_GCC_541\Debug\I2C_1_sda.o .\CortexM0\ARM_GCC_541\Debug\I2C_1_sda_PM.o .\CortexM0\ARM_GCC_541\Debug\I2C_1_scl.o .\CortexM0\ARM_GCC_541\Debug\I2C_1_scl_PM.o .\CortexM0\ARM_GCC_541\Debug\I2C_1_SCB_IRQ.o .\CortexM0\ARM_GCC_541\Debug\UART_1.o .\CortexM0\ARM_GCC_541\Debug\UART_1_SPI_UART.o .\CortexM0\ARM_GCC_541\Debug\UART_1_SPI_UART_INT.o .\CortexM0\ARM_GCC_541\Debug\UART_1_PM.o .\CortexM0\ARM_GCC_541\Debug\UART_1_UART.o .\CortexM0\ARM_GCC_541\Debug\UART_1_BOOT.o .\CortexM0\ARM_GCC_541\Debug\UART_1_UART_BOOT.o .\CortexM0\ARM_GCC_541\Debug\UART_1_SCBCLK.o .\CortexM0\ARM_GCC_541\Debug\UART_1_tx.o .\CortexM0\ARM_GCC_541\Debug\UART_1_tx_PM.o .\CortexM0\ARM_GCC_541\Debug\UART_1_rx.o .\CortexM0\ARM_GCC_541\Debug\UART_1_rx_PM.o .\CortexM0\ARM_GCC_541\Debug\CyBootAsmGnu.o
arm-none-eabi-ar.exe: creating .\CortexM0\ARM_GCC_541\Debug\Design01.a
arm-none-eabi-gcc.exe -Wl,--start-group -o "C:\Users\11800025\Documents\PSoC Creator\MCP9808_Temp\Design01.cydsn\CortexM0\ARM_GCC_541\Debug\Design01.elf" .\CortexM0\ARM_GCC_541\Debug\main.o .\CortexM0\ARM_GCC_541\Debug\i2c.o .\CortexM0\ARM_GCC_541\Debug\cyfitter_cfg.o .\CortexM0\ARM_GCC_541\Debug\cymetadata.o .\CortexM0\ARM_GCC_541\Debug\Cm0Start.o .\CortexM0\ARM_GCC_541\Debug\Design01.a -mcpu=cortex-m0 -mthumb -L Generated_Source\PSoC4 -Wl,-Map,.\CortexM0\ARM_GCC_541\Debug/Design01.map -T Generated_Source\PSoC4\cm0gcc.ld -specs=nano.specs -Wl,--gc-sections -g -ffunction-sections -O0 -ffat-lto-objects -Wl,--end-group
cyelftool.exe -C "C:\Users\11800025\Documents\PSoC Creator\MCP9808_Temp\Design01.cydsn\CortexM0\ARM_GCC_541\Debug\Design01.elf" --flash_row_size 128 --flash_size 32768 --flash_offset 0x00000000
No ELF section .cychecksum found, creating one
Application checksum calculated and stored in ELF section .cychecksum
Checksum calculated and stored in ELF section .cymeta
cyelftool.exe -S "C:\Users\11800025\Documents\PSoC Creator\MCP9808_Temp\Design01.cydsn\CortexM0\ARM_GCC_541\Debug\Design01.elf"
Flash used: 6912 of 32768 bytes (21,1%).
SRAM used: 1588 of 4096 bytes (38,8%). Stack: 1024 bytes. Heap: 128 bytes.
--------------- Build Succeeded: 06/25/2020 17:46:04 ---------------
