--------------- Clean Started: 06/23/2020 17:40:52 Project: Design01, Configuration: ARM GCC 5.4-2016-q2-update Debug ---------------
Deleting file ".\CortexM0\ARM_GCC_541\Debug\main.o"
Deleting file ".\CortexM0\ARM_GCC_541\Debug\i2c.o"
Deleting file ".\CortexM0\ARM_GCC_541\Debug\cyfitter_cfg.o"
Deleting file ".\CortexM0\ARM_GCC_541\Debug\cymetadata.o"
Deleting file ".\CortexM0\ARM_GCC_541\Debug\cy_em_eeprom.o"
Deleting file ".\CortexM0\ARM_GCC_541\Debug\Cm0Start.o"
Deleting file ".\CortexM0\ARM_GCC_541\Debug\CyFlash.o"
Deleting file ".\CortexM0\ARM_GCC_541\Debug\CyLib.o"
Deleting file ".\CortexM0\ARM_GCC_541\Debug\cyPm.o"
Deleting file ".\CortexM0\ARM_GCC_541\Debug\cyutils.o"
Deleting file ".\CortexM0\ARM_GCC_541\Debug\CyBootAsmGnu.o"
Deleting file ".\CortexM0\ARM_GCC_541\Debug\CyLFClk.o"
Deleting file ".\CortexM0\ARM_GCC_541\Debug\I2C_1.o"
Deleting file ".\CortexM0\ARM_GCC_541\Debug\I2C_1_I2C_INT.o"
Deleting file ".\CortexM0\ARM_GCC_541\Debug\I2C_1_I2C.o"
Deleting file ".\CortexM0\ARM_GCC_541\Debug\I2C_1_I2C_BOOT.o"
Deleting file ".\CortexM0\ARM_GCC_541\Debug\I2C_1_I2C_MASTER.o"
Deleting file ".\CortexM0\ARM_GCC_541\Debug\I2C_1_PM.o"
Deleting file ".\CortexM0\ARM_GCC_541\Debug\I2C_1_BOOT.o"
Deleting file ".\CortexM0\ARM_GCC_541\Debug\I2C_1_SCBCLK.o"
Deleting file ".\CortexM0\ARM_GCC_541\Debug\I2C_1_sda.o"
Deleting file ".\CortexM0\ARM_GCC_541\Debug\I2C_1_sda_PM.o"
Deleting file ".\CortexM0\ARM_GCC_541\Debug\I2C_1_scl.o"
Deleting file ".\CortexM0\ARM_GCC_541\Debug\I2C_1_scl_PM.o"
Deleting file ".\CortexM0\ARM_GCC_541\Debug\I2C_1_SCB_IRQ.o"
Deleting file ".\CortexM0\ARM_GCC_541\Debug\Design01.hex"
Deleting file ".\CortexM0\ARM_GCC_541\Debug\Design01.map"
Deleting file ".\Design01.cycdx"
Deleting file ".\Design01.svd"
Deleting file ".\Design01.rpt"
Deleting file ".\Design01_timing.html"
Deleting file ".\CortexM0\ARM_GCC_541\Debug\.deps\SOURCE_C__ARM_GCC_GENERIC.P"
Deleting file ".\CortexM0\ARM_GCC_541\Debug\.deps\SOURCE_ASM__ARM_GCC_GENERIC.P"
--------------- Clean Succeeded: 06/23/2020 17:40:52 ---------------
